<?xml version='1.0' encoding='UTF-8'?>
<testsuite hostname="VM-0-17-ubuntu" name="FanControllerTest" tests="1" errors="0" failures="1" skipped="0" time="13.175" timestamp="2024-11-19T08:30:23">
          <properties>
[...]
</properties>
          <testcase classname="FanControllerTest" name="FanController should test pattern switching timing in different fan states" time="13.175">
                      <failure message="3 did not equal 2" type="org.scalatest.exceptions.TestFailedException">org.scalatest.exceptions.TestFailedException: 3 did not equal 2
	at org.scalatest.Assertions.newAssertionFailedException(Assertions.scala:472)
	at org.scalatest.Assertions.newAssertionFailedException$(Assertions.scala:471)
	at org.scalatest.Assertions$.newAssertionFailedException(Assertions.scala:1231)
	at org.scalatest.Assertions$AssertionsHelper.macroAssert(Assertions.scala:1295)
	at FanControllerTest.$anonfun$new$4(test.scala:32)
	at scala.collection.immutable.Range.foreach$mVc$sp(Range.scala:190)
	at FanControllerTest.$anonfun$new$3(test.scala:30)
	at FanControllerTest.$anonfun$new$3$adapted(test.scala:14)
	at chisel3.simulator.EphemeralSimulator$.$anonfun$simulate$1(EphemeralSimulator.scala:25)
	at chisel3.simulator.EphemeralSimulator$.$anonfun$simulate$1$adapted(EphemeralSimulator.scala:25)
	at chisel3.simulator.Simulator.$anonfun$_simulate$1(Simulator.scala:111)
	at chisel3.simulator.package$ChiselSimulation.$anonfun$runElaboratedModule$2(package.scala:98)
	at scala.util.DynamicVariable.withValue(DynamicVariable.scala:59)
	at chisel3.simulator.package$AnySimulatedModule$.withValue(package.scala:82)
	at chisel3.simulator.package$ChiselSimulation.$anonfun$runElaboratedModule$1(package.scala:98)
	at svsim.Simulation.$anonfun$run$3(Simulation.scala:51)
	at scala.util.Try$.apply(Try.scala:210)
	at svsim.Simulation.run(Simulation.scala:50)
	at chisel3.simulator.package$ChiselSimulation.runElaboratedModule(package.scala:95)
	at chisel3.simulator.Simulator$WorkspaceCompiler.$anonfun$process$1(Simulator.scala:64)
	at scala.util.Try$.apply(Try.scala:210)
	at chisel3.simulator.Simulator$WorkspaceCompiler.liftedTree1$1(Simulator.scala:64)
	at chisel3.simulator.Simulator$WorkspaceCompiler.process(Simulator.scala:53)
	at chisel3.simulator.SingleBackendSimulator.processBackends(Simulator.scala:139)
	at chisel3.simulator.SingleBackendSimulator.processBackends$(Simulator.scala:138)
	at chisel3.simulator.EphemeralSimulator$DefaultSimulator.processBackends(EphemeralSimulator.scala:28)
	at chisel3.simulator.Simulator._simulate(Simulator.scala:116)
	at chisel3.simulator.Simulator._simulate$(Simulator.scala:97)
	at chisel3.simulator.EphemeralSimulator$DefaultSimulator._simulate(EphemeralSimulator.scala:28)
	at chisel3.simulator.SingleBackendSimulator.simulate(Simulator.scala:146)
	at chisel3.simulator.SingleBackendSimulator.simulate$(Simulator.scala:142)
	at chisel3.simulator.EphemeralSimulator$DefaultSimulator.simulate(EphemeralSimulator.scala:28)
	at chisel3.simulator.EphemeralSimulator$.simulate(EphemeralSimulator.scala:25)
	at FanControllerTest.$anonfun$new$1(test.scala:14)
	at scala.runtime.java8.JFunction0$mcV$sp.apply(JFunction0$mcV$sp.scala:18)
	at org.scalatest.OutcomeOf.outcomeOf(OutcomeOf.scala:85)
	at org.scalatest.OutcomeOf.outcomeOf$(OutcomeOf.scala:83)
	at org.scalatest.OutcomeOf$.outcomeOf(OutcomeOf.scala:104)
	at org.scalatest.Transformer.apply(Transformer.scala:22)
	at org.scalatest.Transformer.apply(Transformer.scala:20)
	at org.scalatest.flatspec.AnyFlatSpecLike$$anon$5.apply(AnyFlatSpecLike.scala:1832)
	at org.scalatest.TestSuite.withFixture(TestSuite.scala:196)
	at org.scalatest.TestSuite.withFixture$(TestSuite.scala:195)
	at org.scalatest.flatspec.AnyFlatSpec.withFixture(AnyFlatSpec.scala:1686)
	at org.scalatest.flatspec.AnyFlatSpecLike.invokeWithFixture$1(AnyFlatSpecLike.scala:1830)
	at org.scalatest.flatspec.AnyFlatSpecLike.$anonfun$runTest$1(AnyFlatSpecLike.scala:1842)
	at org.scalatest.SuperEngine.runTestImpl(Engine.scala:306)
	at org.scalatest.flatspec.AnyFlatSpecLike.runTest(AnyFlatSpecLike.scala:1842)
	at org.scalatest.flatspec.AnyFlatSpecLike.runTest$(AnyFlatSpecLike.scala:1824)
	at org.scalatest.flatspec.AnyFlatSpec.runTest(AnyFlatSpec.scala:1686)
	at org.scalatest.flatspec.AnyFlatSpecLike.$anonfun$runTests$1(AnyFlatSpecLike.scala:1900)
	at org.scalatest.SuperEngine.$anonfun$runTestsInBranch$1(Engine.scala:413)
	at scala.collection.immutable.List.foreach(List.scala:333)
	at org.scalatest.SuperEngine.traverseSubNodes$1(Engine.scala:401)
	at org.scalatest.SuperEngine.runTestsInBranch(Engine.scala:390)
	at org.scalatest.SuperEngine.$anonfun$runTestsInBranch$1(Engine.scala:427)
	at scala.collection.immutable.List.foreach(List.scala:333)
	at org.scalatest.SuperEngine.traverseSubNodes$1(Engine.scala:401)
	at org.scalatest.SuperEngine.runTestsInBranch(Engine.scala:396)
	at org.scalatest.SuperEngine.runTestsImpl(Engine.scala:475)
	at org.scalatest.flatspec.AnyFlatSpecLike.runTests(AnyFlatSpecLike.scala:1900)
	at org.scalatest.flatspec.AnyFlatSpecLike.runTests$(AnyFlatSpecLike.scala:1899)
	at org.scalatest.flatspec.AnyFlatSpec.runTests(AnyFlatSpec.scala:1686)
	at org.scalatest.Suite.run(Suite.scala:1114)
	at org.scalatest.Suite.run$(Suite.scala:1096)
	at org.scalatest.flatspec.AnyFlatSpec.org$scalatest$flatspec$AnyFlatSpecLike$$super$run(AnyFlatSpec.scala:1686)
	at org.scalatest.flatspec.AnyFlatSpecLike.$anonfun$run$1(AnyFlatSpecLike.scala:1945)
	at org.scalatest.SuperEngine.runImpl(Engine.scala:535)
	at org.scalatest.flatspec.AnyFlatSpecLike.run(AnyFlatSpecLike.scala:1945)
	at org.scalatest.flatspec.AnyFlatSpecLike.run$(AnyFlatSpecLike.scala:1943)
	at org.scalatest.flatspec.AnyFlatSpec.run(AnyFlatSpec.scala:1686)
	at org.scalatest.tools.Framework.org$scalatest$tools$Framework$$runSuite(Framework.scala:321)
	at org.scalatest.tools.Framework$ScalaTestTask.execute(Framework.scala:517)
	at sbt.TestRunner.runTest$1(TestFramework.scala:153)
	at sbt.TestRunner.run(TestFramework.scala:168)
	at sbt.TestFramework$$anon$3$$anonfun$$lessinit$greater$1.$anonfun$apply$1(TestFramework.scala:336)
	at sbt.TestFramework$.sbt$TestFramework$$withContextLoader(TestFramework.scala:296)
	at sbt.TestFramework$$anon$3$$anonfun$$lessinit$greater$1.apply(TestFramework.scala:336)
	at sbt.TestFramework$$anon$3$$anonfun$$lessinit$greater$1.apply(TestFramework.scala:336)
	at sbt.TestFunction.apply(TestFramework.scala:348)
	at sbt.Tests$.$anonfun$toTask$1(Tests.scala:436)
	at sbt.std.Transform$$anon$3.$anonfun$apply$2(Transform.scala:47)
	at sbt.std.Transform$$anon$4.work(Transform.scala:69)
	at sbt.Execute.$anonfun$submit$2(Execute.scala:283)
	at sbt.internal.util.ErrorHandling$.wideConvert(ErrorHandling.scala:24)
	at sbt.Execute.work(Execute.scala:292)
	at sbt.Execute.$anonfun$submit$1(Execute.scala:283)
	at sbt.ConcurrentRestrictions$$anon$4.$anonfun$submitValid$1(ConcurrentRestrictions.scala:265)
	at sbt.CompletionService$$anon$2.call(CompletionService.scala:65)
	at java.util.concurrent.FutureTask.run(FutureTask.java:266)
	at java.util.concurrent.Executors$RunnableAdapter.call(Executors.java:511)
	at java.util.concurrent.FutureTask.run(FutureTask.java:266)
	at java.util.concurrent.ThreadPoolExecutor.runWorker(ThreadPoolExecutor.java:1149)
	at java.util.concurrent.ThreadPoolExecutor$Worker.run(ThreadPoolExecutor.java:624)
	at java.lang.Thread.run(Thread.java:750)
</failure>
                    </testcase>
          <system-out><![CDATA[]]></system-out>
          <system-err><![CDATA[]]></system-err>
        </testsuite>